[31m{[39m
[31m  message: 'E11000 duplicate key error collection: test.users index: email_1 dup key: { email: "hello@hi.in" }',[39m
[31m  meta: {[39m
[31m    path: '/api/v1/user/signup',[39m
[31m    method: 'POST',[39m
[31m    EUID: '1c36e6d3854e',[39m
[31m    status: 500[39m
[31m  },[39m
[31m  level: 'error',[39m
[31m  timestamp: '2022-09-01 00:03:09'[39m
[31m}[39m
[31m{[39m
[31m  message: 'E11000 duplicate key error collection: test.users index: email_1 dup key: { email: "hello@hi.in" }',[39m
[31m  meta: {[39m
[31m    path: '/api/v1/user/signup',[39m
[31m    method: 'POST',[39m
[31m    EUID: '1d3646ab11ef',[39m
[31m    status: 500[39m
[31m  },[39m
[31m  level: 'error',[39m
[31m  timestamp: '2022-09-01 00:04:25'[39m
[31m}[39m
[31m{[39m
[31m  message: 'E11000 duplicate key error collection: test.users index: email_1 dup key: { email: "hello@hi.in" }',[39m
[31m  meta: {[39m
[31m    path: '/api/v1/user/signup',[39m
[31m    method: 'POST',[39m
[31m    EUID: '1c84ece7358b',[39m
[31m    status: 500[39m
[31m  },[39m
[31m  level: 'error',[39m
[31m  timestamp: '2022-09-01 00:04:54'[39m
[31m}[39m
[31m{"level":"error","message":"E11000 duplicate key error collection: test.users index: email_1 dup key: { email: \"hello@hi.in\" }","meta":{"EUID":"bdd3ca96bec","method":"POST","path":"/api/v1/user/signup","status":500},"timestamp":"2022-09-01 00:05:10"}[39m
[31m{[39m
[31m  message: 'E11000 duplicate key error collection: test.users index: email_1 dup key: { email: "hello@hi.in" }',[39m
[31m  meta: {[39m
[31m    path: '/api/v1/user/signup',[39m
[31m    method: 'POST',[39m
[31m    EUID: 'e87ae79f748',[39m
[31m    status: 500[39m
[31m  },[39m
[31m  level: 'error',[39m
[31m  timestamp: '2022-09-01 00:09:34'[39m
[31m}[39m
[31m{[39m
[31m  message: 'Duplicate key found on field "email" and value "hello@hi.in" ',[39m
[31m  meta: {[39m
[31m    path: '/api/v1/user/signup',[39m
[31m    method: 'POST',[39m
[31m    EUID: '110b8fafb281',[39m
[31m    status: 500[39m
[31m  },[39m
[31m  level: 'error',[39m
[31m  timestamp: '2022-09-01 00:10:14'[39m
[31m}[39m
[31m{[39m
[31m  message: 'Duplicate key found on field "email" and value "hello@hi.in" ',[39m
[31m  meta: {[39m
[31m    path: '/api/v1/user/signup',[39m
[31m    method: 'POST',[39m
[31m    EUID: '20f01d93f939',[39m
[31m    status: 500[39m
[31m  },[39m
[31m  level: 'error',[39m
[31m  timestamp: '2022-09-01 00:14:02'[39m
[31m}[39m
[31m{[39m
[31m  message: 'Duplicate key found on field "email" and value "hello@hi.in" ',[39m
[31m  meta: {[39m
[31m    path: '/api/v1/user/signup',[39m
[31m    method: 'POST',[39m
[31m    EUID: '70c7126204d',[39m
[31m    status: 500[39m
[31m  },[39m
[31m  level: 'error',[39m
[31m  timestamp: '2022-09-01 00:14:22'[39m
[31m}[39m
[31m{[39m
[31m  message: 'Your are not authorized to access this page',
[31m  meta: {[39m
[31m    path: '/api/v1/user/user',[39m
[31m    method: 'GET',[39m
[31m    EUID: 'e7f9245a970',[39m
[31m    status: 401[39m
[31m  },[39m
[31m  level: 'error',[39m
[31m  timestamp: '2022-10-17 22:11:52'[39m
[31m}[39m
